  MyForm.cpp
C:\Users\User\source\repos\приложеньеце\Klasses.h(161,65): warning C4244: аргумент: преобразование "int" в "float", возможна потеря данных
C:\Users\User\source\repos\приложеньеце\Klasses.h(161,50): warning C4244: аргумент: преобразование "int" в "float", возможна потеря данных
C:\Users\User\source\repos\приложеньеце\Klasses.h(170,65): warning C4102: TID: неиспользованная метка
C:\Users\User\source\repos\приложеньеце\Klasses.h(192,65): warning C4244: аргумент: преобразование "int" в "float", возможна потеря данных
C:\Users\User\source\repos\приложеньеце\Klasses.h(192,50): warning C4244: аргумент: преобразование "int" в "float", возможна потеря данных
C:\Users\User\source\repos\приложеньеце\Klasses.h(217,65): warning C4244: аргумент: преобразование "int" в "float", возможна потеря данных
C:\Users\User\source\repos\приложеньеце\Klasses.h(217,50): warning C4244: аргумент: преобразование "int" в "float", возможна потеря данных
C:\Users\User\source\repos\приложеньеце\MyForm.h(760,13): warning C4244: =: преобразование "double" в "int", возможна потеря данных
C:\Users\User\source\repos\приложеньеце\MyForm.h(764,13): warning C4244: =: преобразование "double" в "int", возможна потеря данных
C:\Users\User\source\repos\приложеньеце\MyForm.h(744,25): warning C4101: k: неиспользованная локальная переменная
C:\Users\User\source\repos\приложеньеце\MyForm.h(744,15): warning C4101: Y: неиспользованная локальная переменная
C:\Users\User\source\repos\приложеньеце\MyForm.h(744,28): warning C4101: P: неиспользованная локальная переменная
C:\Users\User\source\repos\приложеньеце\MyForm.h(744,9): warning C4101: A: неиспользованная локальная переменная
C:\Users\User\source\repos\приложеньеце\MyForm.h(744,12): warning C4101: X: неиспользованная локальная переменная
  Recursion.cpp
C:\Users\User\source\repos\приложеньеце\Klasses.h(161,65): warning C4244: аргумент: преобразование "int" в "float", возможна потеря данных
C:\Users\User\source\repos\приложеньеце\Klasses.h(161,50): warning C4244: аргумент: преобразование "int" в "float", возможна потеря данных
C:\Users\User\source\repos\приложеньеце\Klasses.h(170,65): warning C4102: TID: неиспользованная метка
C:\Users\User\source\repos\приложеньеце\Klasses.h(192,65): warning C4244: аргумент: преобразование "int" в "float", возможна потеря данных
C:\Users\User\source\repos\приложеньеце\Klasses.h(192,50): warning C4244: аргумент: преобразование "int" в "float", возможна потеря данных
C:\Users\User\source\repos\приложеньеце\Klasses.h(217,65): warning C4244: аргумент: преобразование "int" в "float", возможна потеря данных
C:\Users\User\source\repos\приложеньеце\Klasses.h(217,50): warning C4244: аргумент: преобразование "int" в "float", возможна потеря данных
C:\Users\User\source\repos\приложеньеце\MyForm.h(760,13): warning C4244: =: преобразование "double" в "int", возможна потеря данных
C:\Users\User\source\repos\приложеньеце\MyForm.h(764,13): warning C4244: =: преобразование "double" в "int", возможна потеря данных
C:\Users\User\source\repos\приложеньеце\MyForm.h(744,25): warning C4101: k: неиспользованная локальная переменная
C:\Users\User\source\repos\приложеньеце\MyForm.h(744,15): warning C4101: Y: неиспользованная локальная переменная
C:\Users\User\source\repos\приложеньеце\MyForm.h(744,28): warning C4101: P: неиспользованная локальная переменная
C:\Users\User\source\repos\приложеньеце\MyForm.h(744,9): warning C4101: A: неиспользованная локальная переменная
C:\Users\User\source\repos\приложеньеце\MyForm.h(744,12): warning C4101: X: неиспользованная локальная переменная
C:\Users\User\source\repos\приложеньеце\Recursion.cpp(17,46): warning C4244: аргумент: преобразование "int" в "float", возможна потеря данных
C:\Users\User\source\repos\приложеньеце\Recursion.cpp(17,34): warning C4244: аргумент: преобразование "int" в "float", возможна потеря данных
C:\Users\User\source\repos\приложеньеце\Recursion.cpp(53,26): warning C4244: =: преобразование "double" в "float", возможна потеря данных
C:\Users\User\source\repos\приложеньеце\Recursion.cpp(58,12): warning C4244: =: преобразование "double" в "float", возможна потеря данных
C:\Users\User\source\repos\приложеньеце\Recursion.cpp(80,35): warning C4554: "|": проверьте приоритет операторов на ошибки; для уточнения приоритета используйте скобки
C:\Users\User\source\repos\приложеньеце\Recursion.cpp(84,33): warning C4244: =: преобразование "double" в "float", возможна потеря данных
C:\Users\User\source\repos\приложеньеце\Recursion.cpp(85,21): warning C4244: =: преобразование "int" в "float", возможна потеря данных
C:\Users\User\source\repos\приложеньеце\Recursion.cpp(86,33): warning C4244: =: преобразование "int" в "float", возможна потеря данных
C:\Users\User\source\repos\приложеньеце\Recursion.cpp(88,64): warning C4244: =: преобразование "double" в "float", возможна потеря данных
C:\Users\User\source\repos\приложеньеце\Recursion.cpp(89,68): warning C4244: =: преобразование "double" в "float", возможна потеря данных
C:\Users\User\source\repos\приложеньеце\Recursion.cpp(91,64): warning C4244: =: преобразование "double" в "float", возможна потеря данных
C:\Users\User\source\repos\приложеньеце\Recursion.cpp(92,68): warning C4244: =: преобразование "double" в "float", возможна потеря данных
C:\Users\User\source\repos\приложеньеце\Recursion.cpp(104,11): warning C4244: инициализация: преобразование "float" в "int", возможна потеря данных
C:\Users\User\source\repos\приложеньеце\Recursion.cpp(105,73): warning C4244: аргумент: преобразование "LONG" в "float", возможна потеря данных
C:\Users\User\source\repos\приложеньеце\Recursion.cpp(105,58): warning C4244: аргумент: преобразование "LONG" в "float", возможна потеря данных
C:\Users\User\source\repos\приложеньеце\Recursion.cpp(112,39): warning C4244: аргумент: преобразование "int" в "float", возможна потеря данных
C:\Users\User\source\repos\приложеньеце\Recursion.cpp(115,18): warning C4244: инициализация: преобразование "LONG" в "float", возможна потеря данных
C:\Users\User\source\repos\приложеньеце\Recursion.cpp(136,12): warning C4244: =: преобразование "float" в "int", возможна потеря данных
C:\Users\User\source\repos\приложеньеце\Recursion.cpp(143,14): warning C4244: аргумент: преобразование "LONG" в "float", возможна потеря данных
C:\Users\User\source\repos\приложеньеце\Recursion.cpp(144,14): warning C4244: аргумент: преобразование "LONG" в "float", возможна потеря данных
C:\Users\User\source\repos\приложеньеце\Recursion.cpp(146,14): warning C4244: аргумент: преобразование "LONG" в "float", возможна потеря данных
C:\Users\User\source\repos\приложеньеце\Recursion.cpp(147,14): warning C4244: аргумент: преобразование "LONG" в "float", возможна потеря данных
C:\Users\User\source\repos\приложеньеце\Recursion.cpp(157,76): warning C4244: аргумент: преобразование "LONG" в "float", возможна потеря данных
C:\Users\User\source\repos\приложеньеце\Recursion.cpp(157,52): warning C4244: аргумент: преобразование "LONG" в "float", возможна потеря данных
C:\Users\User\source\repos\приложеньеце\Recursion.cpp(168,104): warning C4244: аргумент: преобразование "LONG" в "float", возможна потеря данных
C:\Users\User\source\repos\приложеньеце\Recursion.cpp(175,14): warning C4244: аргумент: преобразование "LONG" в "float", возможна потеря данных
C:\Users\User\source\repos\приложеньеце\Recursion.cpp(176,14): warning C4244: аргумент: преобразование "LONG" в "float", возможна потеря данных
C:\Users\User\source\repos\приложеньеце\Recursion.cpp(178,14): warning C4244: аргумент: преобразование "LONG" в "float", возможна потеря данных
C:\Users\User\source\repos\приложеньеце\Recursion.cpp(179,14): warning C4244: аргумент: преобразование "LONG" в "float", возможна потеря данных
C:\Users\User\source\repos\приложеньеце\Recursion.cpp(215,80): warning C4244: аргумент: преобразование "int" в "float", возможна потеря данных
C:\Users\User\source\repos\приложеньеце\Recursion.cpp(215,70): warning C4244: аргумент: преобразование "LONG" в "float", возможна потеря данных
  Создание кода...
  Classes.obj : обнаружен модуль MSIL; для MSIL последовательная компоновка отключена; выполняется полная компоновка
  приложеньеце.vcxproj -> C:\Users\User\source\repos\приложеньеце\x64\Debug\приложеньеце.exe
